Avon and Somerset Constabulary...
Bedfordshire Police...
Cambridgeshire Constabulary...
Cheshire Constabulary...
  [200/4929] 1 districts found
City of London Police...
Cleveland Police...
Cumbria Constabulary...
  [400/4929] 2 districts found
Derbyshire Constabulary...
Devon & Cornwall Police...
  [600/4929] 6 districts found
Dorset Police...
Durham Constabulary...
  [800/4929] 11 districts found
Essex Police...
Gloucestershire Constabulary...
Greater Manchester Police...
  [1000/4929] 11 districts found
Gwent Police...
  [1200/4929] 11 districts found
Hampshire Constabulary...
  [1400/4929] 13 districts found
Dyfed-Powys Police...
  [1600/4929] 23 districts found
Hertfordshire Constabulary...
Humberside Police...
Kent Police...
  [1800/4929] 25 districts found
  [2000/4929] 25 districts found
Lancashire Constabulary...
  [2200/4929] 25 districts found
Leicestershire Police...
Lincolnshire Police...
  [2400/4929] 25 districts found
Merseyside Police...
Metropolitan Police Service...
  [2600/4929] 28 districts found
  [2800/4929] 37 districts found
  [3000/4929] 46 districts found
  [3200/4929] 57 districts found
Norfolk Constabulary...
North Wales Police...
  [3400/4929] 59 districts found
North Yorkshire Police...
  [3600/4929] 59 districts found
Northamptonshire Police...
Northumbria Police...
Nottinghamshire Police...
Police Service of Northern Ireland...
South Wales Police...
  [3800/4929] 73 districts found
South Yorkshire Police...
Staffordshire Police...
  [4000/4929] 73 districts found
Suffolk Constabulary...
Surrey Police...
  [4200/4929] 74 districts found
Sussex Police...
  [4400/4929] 74 districts found
Thames Valley Police...
  [4600/4929] 74 districts found
Warwickshire Police...
West Mercia Police...
West Midlands Police...
  [4800/4929] 80 districts found
West Yorkshire Police...
Wiltshire Police...

==================================================
Found 80 districts
Saved to data/districts.json
