Loading forces data...

Avon and Somerset Constabulary (123 neighbourhoods)...
  [1/4929] Frome Town: 236 crimes
  [2/4929] Frome Rural North: 0 crimes
  [3/4929] Frome Rural South: 1 crimes
  [4/4929] Shepton Mallet Town: 0 crimes
  [5/4929] Shepton Mallet Rural: 4 crimes
  [6/4929] Wells City: 98 crimes
  [7/4929] Wells Rural: 1 crimes
  [8/4929] Glastonbury Town: 91 crimes
  [9/4929] Street: 82 crimes
  [10/4929] Somerton and Langport: 2 crimes
  [11/4929] Martock and the Hamdons: 2 crimes
  [12/4929] South Petherton: 19 crimes
  [13/4929] Wincanton Town: 3 crimes
  [14/4929] Wincanton Rural East: 12 crimes
  [15/4929] Wincanton Rural West: 3 crimes
  [16/4929] Chard Town: 137 crimes
  [17/4929] Chard Rural West: 1 crimes
  [18/4929] Ilminster and Windwhistle: 0 crimes
  [19/4929] Crewkerne Town: 42 crimes
  [20/4929] Crewkerne Rural: 2 crimes
  [21/4929] Yeovil Rural: 7 crimes
  [22/4929] Yeovil Town: 388 crimes
  [23/4929] Portishead: 11 crimes
  [24/4929] Clevedon and Villages: 85 crimes
  [25/4929] Yatton: 13 crimes
  [26/4929] Nailsea: 32 crimes
  [27/4929] Redwood: 11 crimes
  [28/4929] Backwell and Wrington: 0 crimes
  [29/4929] Yeo Vale: 6 crimes
  [30/4929] Bristol Airport: 20 crimes
  [31/4929] Worle and North Weston: 20 crimes
  [32/4929] Weston Villages: 31 crimes
  [33/4929] Bournville: 340 crimes
  [34/4929] Ashcombe: 293 crimes
  [35/4929] Weston Central: 180 crimes
  [36/4929] Uphill: 77 crimes
  [37/4929] Weston Town Centre: 264 crimes
  [38/4929] Sedgemoor North West: 56 crimes
  [39/4929] Sedgemoor North East: 2 crimes
  [40/4929] Sedgemoor South West: 4 crimes
  [41/4929] Burnham and Highbridge: 89 crimes
  [42/4929] Bridgwater Town Centre: 456 crimes
  [43/4929] Bridgwater Town West: 382 crimes
  [44/4929] Taunton East: 0 crimes
  [45/4929] Holway and Killams: 197 crimes
  [46/4929] Taunton North: 341 crimes
  [47/4929] Taunton West: 103 crimes
  [48/4929] Taunton Central: 384 crimes
  [49/4929] Halcon (One Team): 290 crimes
  [50/4929] Exmoor: 0 crimes
  [51/4929] Minehead: 81 crimes
  [52/4929] Williton and Watchet: 0 crimes
  [53/4929] Wellington Centre and South: 98 crimes
  [54/4929] Wellington North: 0 crimes
  [55/4929] Bridgwater Town East: 487 crimes
  [56/4929] Sedgemoor South East: 2 crimes
  [57/4929] St Pauls: 1570 crimes
  [58/4929] Montpelier and St Werburghs: 1275 crimes
  [59/4929] Frome Vale: 338 crimes
  [60/4929] Eastville: 526 crimes
  [61/4929] Hillfields: 565 crimes
  [62/4929] St George Central: 462 crimes
  [63/4929] St George Troopers Hill: 302 crimes
  [64/4929] St George West: 467 crimes
  [65/4929] The Dings and St Philip&rsquo;s Marsh: 1207 crimes
  [66/4929] Barton Hill: 667 crimes
  [67/4929] Easton and Redfield: 761 crimes
  [68/4929] Trinity: 1548 crimes
  [69/4929] Stokes Croft and St Michael&rsquo;s: 1759 crimes
  [70/4929] Old City Docks: 1793 crimes
  [71/4929] Broadmead: 1886 crimes
  [72/4929] Redcliffe and Temple: 1753 crimes
  [73/4929] Harbourside and Hotwells: 1123 crimes
  [74/4929] Avonmouth and Shirehampton: 38 crimes
  [75/4929] Kingsweston: 188 crimes
  [76/4929] Henbury and Brentry: 238 crimes
  [77/4929] Lockleaze and Eastgate: 394 crimes
  [78/4929] Henleaze and Westbury-on-Trym: 243 crimes
  [79/4929] Southmead: 425 crimes
  [80/4929] Horfield: 476 crimes
  [81/4929] Stoke Bishop: 73 crimes
  [82/4929] Cotham: 1411 crimes
  [83/4929] Redland: 449 crimes
  [84/4929] Bishopston: 416 crimes
  [85/4929] Clifton: 513 crimes
  [86/4929] Clifton Down: 829 crimes
  [87/4929] Bedminster: 296 crimes
  [88/4929] Bishopsworth: 304 crimes
  [89/4929] Hartcliffe and Withywood: 405 crimes
  [90/4929] Hengrove and Whitchurch: 379 crimes
  [91/4929] Stockwood: 210 crimes
  [92/4929] Brislington West: 295 crimes
  [93/4929] Brislington East: 228 crimes
  [94/4929] Knowle: 405 crimes
  [95/4929] Filwood: 423 crimes
  [96/4929] Southville: 1056 crimes
  [97/4929] Windmill: 745 crimes
  [98/4929] Downend, Frenchay and Stoke Park: 183 crimes
  [99/4929] Staple Hill and New Cheltenham: 243 crimes
  [100/4929] Kingswood and Woodstock: 321 crimes
  [101/4929] Hanham and Longwell Green: 110 crimes
  [102/4929] Bitton and Parkwall: 10 crimes
  [103/4929] Boyd Valley, Emersons and Lyde Green: 2 crimes
  [104/4929] Yate and Dodington: 150 crimes
  [105/4929] Chipping Sodbury: 0 crimes
  [106/4929] Frampton and Charfield: 5 crimes
  [107/4929] Bradley Stoke: 56 crimes
  [108/4929] Thornbury: 83 crimes
  [109/4929] Severn Vale and Pilning: 1 crimes
  [110/4929] Filton: 237 crimes
  [111/4929] Stoke Gifford: 191 crimes
  [112/4929] Patchway and Cribbs Causeway: 172 crimes
  [113/4929] Winterbourne: 133 crimes
  [114/4929] University of West of England: 257 crimes
  [115/4929] Bath City Centre: 445 crimes
  [116/4929] Bath City Outer: 111 crimes
  [117/4929] Bath City South: 238 crimes
  [118/4929] Bath City West: 236 crimes
  [119/4929] Keynsham: 21 crimes
  [120/4929] Pensford and Chew Valley: 11 crimes
  [121/4929] Somer Valley: 113 crimes
  [122/4929] Peasedown and Paulton: 1 crimes
  [123/4929] North Mendip: 7 crimes

Bedfordshire Police (17 neighbourhoods)...
  [124/4929] Bromham, Oakley, Wootton: 9 crimes
  [125/4929] Wilstead, Shortstown, Willington: 66 crimes
  [126/4929] Riseley, Wyboston: 0 crimes
  [127/4929] Flitwick, Ampthill, Marston and Cranfield: 31 crimes
  [128/4929] Biggleswade, Sandy, Potton and Shefford: 65 crimes
  [129/4929] Leighton Buzzard and Rural: 23 crimes
  [130/4929] Dunstable and Rural: 171 crimes
  [131/4929] Houghton Regis and Rural: 117 crimes
  [132/4929] Luton and North and West: 249 crimes
  [133/4929] Luton South and East: 636 crimes
  [134/4929] Luton Central: 344 crimes
  [135/4929] Luton Town Centre: 811 crimes
  [136/4929] Luton Airport: 76 crimes
  [137/4929] Kingsbrook, Kempston, Cauldwell: 235 crimes
  [138/4929] Queens Park and Castle: 505 crimes
  [139/4929] Harpur, Brickhill and De Parys: 135 crimes
  [140/4929] Putnoe, Goldington, Newnham: 147 crimes

Cambridgeshire Constabulary (16 neighbourhoods)...
  [141/4929] Cambridge City Centre and West: 326 crimes
  [142/4929] Cambridge East: 304 crimes
  [143/4929] Cambridge North: 375 crimes
  [144/4929] Cambridge South: 142 crimes
  [145/4929] East Cambridgeshire: 0 crimes
  [146/4929] Huntingdon: 0 crimes
  [147/4929] March: 0 crimes
  [148/4929] Peterborough Central: 627 crimes
  [149/4929] Peterborough City Centre: 725 crimes
  [150/4929] Peterborough East: 215 crimes
  [151/4929] Peterborough North: 199 crimes
  [152/4929] Peterborough South: 160 crimes
  [153/4929] South Cambridgeshire: 29 crimes
  [154/4929] St Ives: 0 crimes
  [155/4929] St Neots: 8 crimes
  [156/4929] Wisbech: 2 crimes

Cheshire Constabulary (122 neighbourhoods)...
  [157/4929] Chester City: 385 crimes
  [158/4929] Boughton: 370 crimes
  [159/4929] Garden Quarter: 397 crimes
  [160/4929] Dodleston, Huntington and Farndon: 2 crimes
  [161/4929] Great Boughton: 77 crimes
  [162/4929] Handbridge Park: 229 crimes
  [163/4929] Hoole: 213 crimes
  [164/4929] Newton: 356 crimes
  [165/4929] Lache: 77 crimes
  [166/4929] Blacon: 171 crimes
  [167/4929] Saughall, Mollington and Elton: 113 crimes
  [168/4929] Upton: 71 crimes
  [169/4929] Chester Villages: 5 crimes
  [170/4929] Frodsham: 23 crimes
  [171/4929] Helsby: 19 crimes
  [172/4929] Kingsley and Gowy: 2 crimes
  [173/4929] Tarvin and Kelsall: 7 crimes
  [174/4929] Tattenhall and Malpas: 3 crimes
  [175/4929] Crewe South: 337 crimes
  [176/4929] Shavington, Willaston and Rope: 39 crimes
  [177/4929] Wistaston: 99 crimes
  [178/4929] Crewe Central: 476 crimes
  [179/4929] Crewe St Barnabas: 218 crimes
  [180/4929] Crewe West: 399 crimes
  [181/4929] Crewe East: 376 crimes
  [182/4929] Crewe North: 281 crimes
  [183/4929] Leighton: 71 crimes
  [184/4929] Haslington: 2 crimes
  [185/4929] Alsager: 47 crimes
  [186/4929] Audlem and Wybunbury: 6 crimes
  [187/4929] Bunbury and Wrenbury: 0 crimes
  [188/4929] Nantwich North and West: 117 crimes
  [189/4929] Nantwich South and Stapeley: 16 crimes
  [190/4929] Odd Rode: 4 crimes
  [191/4929] Sandbach Elworth and Brereton Rural: 4 crimes
  [192/4929] Dane Valley: 0 crimes
  [193/4929] Middlewich: 65 crimes
  [194/4929] Sandbach Ettiley Heath, Wheelock, Heath and East: 80 crimes
  [195/4929] Sandbach Town: 71 crimes
  [196/4929] Congleton East: 51 crimes
  [197/4929] Gawsworth and Chelford: 0 crimes
  [198/4929] Congleton West and Town Centre: 120 crimes
  [199/4929] Macclesfield Hurdsfield: 156 crimes
  [200/4929] Macclesfield Tytherington: 112 crimes
  [201/4929] Bollington: 19 crimes
  [202/4929] Prestbury and Alderley Edge: 3 crimes
  [203/4929] Disley: 11 crimes
  [204/4929] Poynton East and Pott Shrigley: 0 crimes
  [205/4929] Poynton West and Adlington: 24 crimes
  [206/4929] High Legh and Mobberley: 9 crimes
  [207/4929] Knutsford: 46 crimes
  [208/4929] Handforth: 69 crimes
  [209/4929] Wilmslow Dean Row and Lacey Green: 70 crimes
  [210/4929] Wilmslow East: 33 crimes
  [211/4929] Wilmslow West and Chorley: 18 crimes
  [212/4929] Macclesfield Central: 278 crimes
  [213/4929] Macclesfield East and Sutton: 0 crimes
  [214/4929] Macclesfield South: 187 crimes
  [215/4929] Broken Cross and Upton: 49 crimes
  [216/4929] Macclesfield West and Ivy: 123 crimes
  [217/4929] Warrington Town Centre: 387 crimes
  [218/4929] Fairfield and Howley: 328 crimes
  [219/4929] Latchford East: 122 crimes
  [220/4929] Latchford West: 262 crimes
  [221/4929] Bewsey and Whitecross: 311 crimes
  [222/4929] Birchwood: 62 crimes
  [223/4929] Culcheth, Glazebury and Croft: 20 crimes
  [224/4929] Poulton South: 141 crimes
  [225/4929] Rixton and Woolston: 27 crimes
  [226/4929] Burtonwood and Winwick: 27 crimes
  [227/4929] Great Sankey North: 45 crimes
  [228/4929] Great Sankey South: 103 crimes
  [229/4929] Penketh and Cuerdley: 18 crimes
  [230/4929] Westbrook: 44 crimes
  [231/4929] Whittle Hall: 68 crimes
  [232/4929] Appleton - Warrington: 17 crimes
  [233/4929] Hatton, Stretton and Walton: 7 crimes
  [234/4929] Grappenhall and Thelwall: 38 crimes
  [235/4929] Stockton Heath: 90 crimes
  [236/4929] Lymm: 32 crimes
  [237/4929] Orford: 253 crimes
  [238/4929] Poplars and Hulme: 169 crimes
  [239/4929] Poulton North: 121 crimes
  [240/4929] Appleton - Widnes: 246 crimes
  [241/4929] Kingsway: 257 crimes
  [242/4929] Riverside: 189 crimes
  [243/4929] Broadheath: 147 crimes
  [244/4929] Hough Green: 110 crimes
  [245/4929] Ditton and Hale: 7 crimes
  [246/4929] Farnworth: 35 crimes
  [247/4929] Birchfield: 83 crimes
  [248/4929] Halton View: 138 crimes
  [249/4929] Ellesmere Port Town: 189 crimes
  [250/4929] Whitby: 229 crimes
  [251/4929] Strawberry, Ledsham and Manor: 93 crimes
  [252/4929] Rossmore: 47 crimes
  [253/4929] Little Neston and Burton: 2 crimes
  [254/4929] Neston and Parkgate: 33 crimes
  [255/4929] Willaston, Thornton and Netherpool: 29 crimes
  [256/4929] St Paul's: 103 crimes
  [257/4929] Sutton: 141 crimes
  [258/4929] Grange - Ellesmere Port: 303 crimes
  [259/4929] Grange - Runcorn: 200 crimes
  [260/4929] Halton Brook: 216 crimes
  [261/4929] Heath and Beechwood: 101 crimes
  [262/4929] Mersey: 116 crimes
  [263/4929] Daresbury and Windmill Hill: 29 crimes
  [264/4929] Halton Castle: 99 crimes
  [265/4929] Halton Lea: 194 crimes
  [266/4929] Norton South: 123 crimes
  [267/4929] Norton North: 129 crimes
  [268/4929] Marbury: 3 crimes
  [269/4929] Winnington and Castle: 144 crimes
  [270/4929] Weaver and Cuddington: 6 crimes
  [271/4929] Winsford Over and Verdin: 2 crimes
  [272/4929] Winsford Wharton: 14 crimes
  [273/4929] Winsford Swanlow and Dene: 41 crimes
  [274/4929] Tarporley: 0 crimes
  [275/4929] Witton and Rudheath: 42 crimes
  [276/4929] Davenham and Moulton: 19 crimes
  [277/4929] Shakerley: 3 crimes
  [278/4929] Hartford and Greenbank: 23 crimes

City of London Police (6 neighbourhoods)...
  [279/4929] Bank: 2215 crimes
  [280/4929] Barbican: 2309 crimes
  [281/4929] Fenchurch Street: 2150 crimes
  [282/4929] Fleet: 2681 crimes
  [283/4929] Liverpool Street: 2364 crimes
  [284/4929] Monument: 2097 crimes

Cleveland Police (83 neighbourhoods)...
  [285/4929] Acklam: 295 crimes
  [286/4929] Ayresome: 316 crimes
  [287/4929] Berwick Hills and Pallister: 604 crimes
  [288/4929] Brambles and Thorntree: 510 crimes
  [289/4929] Central: 700 crimes
  [290/4929] Coulby Newham: 191 crimes
  [291/4929] Hemlington: 189 crimes
  [292/4929] Kader: 159 crimes
  [293/4929] Ladgate: 212 crimes
  [294/4929] Linthorpe: 627 crimes
  [295/4929] Longlands and Beechwood: 532 crimes
  [296/4929] Marton West: 108 crimes
  [297/4929] Newport: 508 crimes
  [298/4929] North Ormesby: 530 crimes
  [299/4929] Park: 861 crimes
  [300/4929] Park End and Beckfield: 380 crimes
  [301/4929] Stainton and Thornton: 125 crimes
  [302/4929] Trimdon: 154 crimes
  [303/4929] Belmont: 1 crimes
  [304/4929] Brotton: 32 crimes
  [305/4929] Coatham: 5 crimes
  [306/4929] Dormanstown: 2 crimes
  [307/4929] Eston: 63 crimes
  [308/4929] Grangetown: 239 crimes
  [309/4929] Guisborough: 0 crimes
  [310/4929] Hutton: 1 crimes
  [311/4929] Kirkleatham: 93 crimes
  [312/4929] Lockwood: 10 crimes
  [313/4929] Loftus: 0 crimes
  [314/4929] Longbeck: 34 crimes
  [315/4929] Newcomen: 314 crimes
  [316/4929] Normanby: 298 crimes
  [317/4929] Ormesby: 150 crimes
  [318/4929] St Germains: 38 crimes
  [319/4929] Saltburn: 46 crimes
  [320/4929] Skelton East: 57 crimes
  [321/4929] Skelton West: 24 crimes
  [322/4929] South Bank: 3 crimes
  [323/4929] Teesville: 360 crimes
  [324/4929] West Dyke: 201 crimes
  [325/4929] Wheatlands: 106 crimes
  [326/4929] Zetland: 108 crimes
  [327/4929] Burn Valley: 620 crimes
  [328/4929] De Bruce: 196 crimes
  [329/4929] Fens and Greatham: 56 crimes
  [330/4929] Foggy Furze: 443 crimes
  [331/4929] Hart: 32 crimes
  [332/4929] Headland and Harbour: 360 crimes
  [333/4929] Manor House: 255 crimes
  [334/4929] Rossmere: 315 crimes
  [335/4929] Rural West: 2 crimes
  [336/4929] Seaton: 37 crimes
  [337/4929] Throston: 228 crimes
  [338/4929] Victoria: 655 crimes
  [339/4929] Billingham Central: 210 crimes
  [340/4929] Billingham East: 114 crimes
  [341/4929] Billingham North: 136 crimes
  [342/4929] Billingham South: 13 crimes
  [343/4929] Billingham West and Wolviston: 116 crimes
  [344/4929] Bishopsgarth and Elm Tree: 354 crimes
  [345/4929] Eaglescliffe East: 83 crimes
  [346/4929] Eaglescliffe West: 0 crimes
  [347/4929] Fairfield: 133 crimes
  [348/4929] Grangefield: 532 crimes
  [349/4929] Hardwick and Salters Lane: 377 crimes
  [350/4929] Hartburn: 78 crimes
  [351/4929] Ingleby Barwick North: 114 crimes
  [352/4929] Ingleby Barwick South: 98 crimes
  [353/4929] Mandale and Victoria: 369 crimes
  [354/4929] Newtown: 573 crimes
  [355/4929] Northern Parishes: 7 crimes
  [356/4929] Norton North: 256 crimes
  [357/4929] Norton South: 231 crimes
  [358/4929] Norton Central: 280 crimes
  [359/4929] Ropner: 443 crimes
  [360/4929] Roseworth: 424 crimes
  [361/4929] Southern Villages: 0 crimes
  [362/4929] Stainsby Hill: 139 crimes
  [363/4929] Stockton Town Centre: 507 crimes
  [364/4929] Village: 245 crimes
  [365/4929] Yarm: 357 crimes
  [366/4929] Marton East: 148 crimes
  [367/4929] Nunthorpe: 12 crimes

Cumbria Constabulary (33 neighbourhoods)...
  [368/4929] Brampton and East Rural: 0 crimes
  [369/4929] Carlisle Central: 165 crimes
  [370/4929] Carlisle East: 345 crimes
  [371/4929] Carlisle West: 208 crimes
  [372/4929] Carlisle West Rural: 2 crimes
  [373/4929] Cockermouth: 0 crimes
  [374/4929] Keswick: 0 crimes
  [375/4929] Maryport: 3 crimes
  [376/4929] Wigton, Silloth and Aspatria: 2 crimes
  [377/4929] Workington Central: 232 crimes
  [378/4929] Workington North: 0 crimes
  [379/4929] Workington South: 70 crimes
  [380/4929] Cleator Moor: 0 crimes
  [381/4929] Egremont: 0 crimes
  [382/4929] Millom and South Copeland: 0 crimes
  [383/4929] North and East Whitehaven: 4 crimes
  [384/4929] South Whitehaven and St Bees: 0 crimes
  [385/4929] Whitehaven Town: 102 crimes
  [386/4929] Barrow Central and Hindpool: 356 crimes
  [387/4929] Barrow Island and Walney: 76 crimes
  [388/4929] Dalton: 35 crimes
  [389/4929] Parkside, Hawcoat and Ormsgill: 84 crimes
  [390/4929] Salthouse, Newbarns and Roose: 0 crimes
  [391/4929] Appleby: 4 crimes
  [392/4929] Kirkby Stephen and Upper Eden: 0 crimes
  [393/4929] North Lakes and Shap: 0 crimes
  [394/4929] North Penrith and Alston: 2 crimes
  [395/4929] Penrith Town: 4 crimes
  [396/4929] Grange, Cartmel, Newby Bridge and Levens: 0 crimes
  [397/4929] Kendal, Burneside and Endmoor: 3 crimes
  [398/4929] Kirkby Lonsdale, Sedbergh and Milnthorpe: 0 crimes
  [399/4929] Ulverston, Coniston, Low Furness and High Furness: 0 crimes
  [400/4929] Windermere, Ambleside, Grasmere and Staveley: 0 crimes

Derbyshire Constabulary (95 neighbourhoods)...
  [401/4929] Hathersage: 1 crimes
  [402/4929] Tideswell, Litton, Baslow and Beeley: 0 crimes
  [403/4929] Bakewell, Sheldon, Over Haddon and Ashford: 9 crimes
  [404/4929] Stanton, Youlgreave and White Peak Villages: 0 crimes
  [405/4929] Darley Dale and Winster: 2 crimes
  [406/4929] Matlock: 66 crimes
  [407/4929] Matlock Bath, Cromford and Bonsall: 12 crimes
  [408/4929] Wirksworth and Middleton: 12 crimes
  [409/4929] Hulland and Brailsford: 0 crimes
  [410/4929] Tissington and Carsington: 0 crimes
  [411/4929] Ashbourne: 34 crimes
  [412/4929] Marston and Clifton: 0 crimes
  [413/4929] Killamarsh: 48 crimes
  [414/4929] Eckington: 39 crimes
  [415/4929] Dronfield: 44 crimes
  [416/4929] Unstone and Rural: 3 crimes
  [417/4929] Wingerworth and Rural: 0 crimes
  [418/4929] Clay Cross: 61 crimes
  [419/4929] North Wingfield, Pilsley, Stonebroom and Shirland: 23 crimes
  [420/4929] Holmewood, Grassmoor, Calow and Arkwright: 5 crimes
  [421/4929] Barlborough: 9 crimes
  [422/4929] Whitwell: 33 crimes
  [423/4929] Clowne: 49 crimes
  [424/4929] Creswell: 53 crimes
  [425/4929] Bolsover and Shuttlewood: 5 crimes
  [426/4929] Scarcliffe: 7 crimes
  [427/4929] Shirebrook: 89 crimes
  [428/4929] Pleasley: 10 crimes
  [429/4929] Tibshelf: 2 crimes
  [430/4929] Hadfield and Tintwistle: 0 crimes
  [431/4929] Glossop Town Centre: 105 crimes
  [432/4929] Gamesley and St Johns: 2 crimes
  [433/4929] New Mills and Hayfield: 12 crimes
  [434/4929] Hope Valley: 0 crimes
  [435/4929] Chapel and Chinley: 38 crimes
  [436/4929] Whaley Bridge: 16 crimes
  [437/4929] Buxton Rural West: 127 crimes
  [438/4929] Buxton Town: 134 crimes
  [439/4929] Fairfield: 86 crimes
  [440/4929] Buxton Rural East: 3 crimes
  [441/4929] Quarndon and Kirk Langley: 1 crimes
  [442/4929] Duffield, Belper Rural and Holloway: 1 crimes
  [443/4929] Alfreton Rural: 4 crimes
  [444/4929] Alfreton Town: 95 crimes
  [445/4929] South Normanton and Pinxton: 79 crimes
  [446/4929] Somercotes and Riddings: 108 crimes
  [447/4929] Codnor, Waingroves and Langley Mill: 54 crimes
  [448/4929] Ripley Town Centre: 149 crimes
  [449/4929] Heage: 7 crimes
  [450/4929] Belper Town: 72 crimes
  [451/4929] Kilburn: 25 crimes
  [452/4929] Shipley, Smalley, Mapperley, Horsley and Horlsey Woodhouse : 19 crimes
  [453/4929] Heanor and Loscoe: 167 crimes
  [454/4929] Whittington and Barrow Hill: 44 crimes
  [455/4929] Staveley: 37 crimes
  [456/4929] Middlecroft and Poolsbrook: 113 crimes
  [457/4929] Hollingwood, Inkersall and Duckmanton: 79 crimes
  [458/4929] Brimington: 55 crimes
  [459/4929] Dunston, Moor and St Helen's: 230 crimes
  [460/4929] Newbold and Brockwell: 227 crimes
  [461/4929] Walton and West: 121 crimes
  [462/4929] Holmebrook and Rother: 418 crimes
  [463/4929] Hasland and St Leonard's: 374 crimes
  [464/4929] Chesterfield Town Centre: 417 crimes
  [465/4929] Alvaston North: 230 crimes
  [466/4929] Sinfin and Osmaston: 291 crimes
  [467/4929] Alvaston South: 364 crimes
  [468/4929] Chellaston: 131 crimes
  [469/4929] Ilkeston Rural: 9 crimes
  [470/4929] Cotmanhay and Shipley View: 205 crimes
  [471/4929] Ilkeston Town: 230 crimes
  [472/4929] Larklands and Gallows: 238 crimes
  [473/4929] Kirk Hallam and Hallam Fields: 140 crimes
  [474/4929] Borrowash and Ockbrook: 23 crimes
  [475/4929] Long Eaton Rural: 11 crimes
  [476/4929] Sandiacre: 81 crimes
  [477/4929] Long Eaton North: 213 crimes
  [478/4929] Long Eaton South: 138 crimes
  [479/4929] Long Eaton Town: 136 crimes
  [480/4929] Mackworth and Morley: 253 crimes
  [481/4929] Allestree and Darley: 75 crimes
  [482/4929] Derby City: 986 crimes
  [483/4929] Derwent and Oakwood: 219 crimes
  [484/4929] Chaddesden and Spondon: 132 crimes
  [485/4929] Etwall, Hatton and Hilton: 1 crimes
  [486/4929] Mercia: 2 crimes
  [487/4929] Melbourne: 5 crimes
  [488/4929] Gresley, Woodville and Swadlincote: 137 crimes
  [489/4929] Newhall and Midway: 144 crimes
  [490/4929] Linton, Overseal and Lullington: 8 crimes
  [491/4929] Mickleover: 137 crimes
  [492/4929] Littleover and Blagreaves: 167 crimes
  [493/4929] Abbey: 771 crimes
  [494/4929] Rose Hill: 981 crimes
  [495/4929] Normanton: 541 crimes

Devon & Cornwall Police (213 neighbourhoods)...
  [496/4929] Camborne North: 187 crimes
  [497/4929] Camborne South: 31 crimes
  [498/4929] Camborne West: 2 crimes
  [499/4929] Illogan North: 13 crimes
  [500/4929] Illogan South: 59 crimes
  [501/4929] Redruth North: 62 crimes
  [502/4929] Redruth South &amp;amp; St Day &amp;amp; Lanner: 35 crimes
  [503/4929] Helston Town: 49 crimes
  [504/4929] Lizard: 0 crimes
  [505/4929] Porthleven &amp;amp; Helston North: 1 crimes
  [506/4929] Penzance Rural East: 30 crimes
  [507/4929] Penzance Rural West: 1 crimes
  [508/4929] Penzance Town East: 123 crimes
  [509/4929] Penzance Town West: 128 crimes
  [510/4929] St Just, Pendeen &amp;amp; Sennen: 0 crimes
  [511/4929] Carbis Bay: 10 crimes
  [512/4929] Copperhouse &amp;amp; Gwinear: 13 crimes
  [513/4929] Hayle Foundry: 3 crimes
  [514/4929] Isles of Scilly: 0 crimes
  [515/4929] St Ives Town: 0 crimes
  [516/4929] Arwenack &amp; Boslowick: 80 crimes
  [517/4929] Penwerris &amp;amp; Trescobeas: 156 crimes
  [518/4929] Newquay Town: 125 crimes
  [519/4929] St Columb Major: 7 crimes
  [520/4929] Grampound &amp;amp; Mevagissey: 0 crimes
  [521/4929] Lostwithiel &amp;amp; Fowey: 4 crimes
  [522/4929] St Austell Town: 126 crimes
  [523/4929] St Blazey &amp;amp; Tywardreath: 22 crimes
  [524/4929] St Stephen &amp;amp; St Dennis: 15 crimes
  [525/4929] Treverbyn &amp;amp; Roche: 12 crimes
  [526/4929] Boscawen: 165 crimes
  [527/4929] Moresk &amp; Tregolls: 29 crimes
  [528/4929] Mount Hawke &amp;amp; St Agnes: 4 crimes
  [529/4929] Perranporth: 3 crimes
  [530/4929] Roseland &amp;amp; Probus &amp;amp; Trispen &amp;amp; St Erme: 0 crimes
  [531/4929] Treliske Hospital: 48 crimes
  [532/4929] Bodmin Rural: 0 crimes
  [533/4929] Bodmin St Marys: 91 crimes
  [534/4929] Bodmin St Petroc: 87 crimes
  [535/4929] Padstow &amp;amp; St Merryn: 1 crimes
  [536/4929] Wadebridge Town: 24 crimes
  [537/4929] Rock, Polzeath &amp;amp; Port Isaac: 1 crimes
  [538/4929] Bude Rural: 3 crimes
  [539/4929] Bude Town: 56 crimes
  [540/4929] Camelford &amp; Tintagel: 0 crimes
  [541/4929] Launceston: 0 crimes
  [542/4929] Launceston Rural: 0 crimes
  [543/4929] Liskeard North: 105 crimes
  [544/4929] Liskeard Rural: 11 crimes
  [545/4929] Liskeard South: 99 crimes
  [546/4929] Looe Area: 0 crimes
  [547/4929] Callington &amp;amp; Stokeclimsland: 0 crimes
  [548/4929] Calstock: 6 crimes
  [549/4929] Millbrook &amp;amp; Rame: 2 crimes
  [550/4929] Saltash Town: 28 crimes
  [551/4929] St Germans &amp;amp; Landrake: 2 crimes
  [552/4929] Torpoint: 30 crimes
  [553/4929] Chacewater, Feock, Kea &amp;amp; Kenwyn: 4 crimes
  [554/4929] Trehaverne, Highertown, Malabar &amp;amp; Redannick: 106 crimes
  [555/4929] Newquay Suburbs: 73 crimes
  [556/4929] Penryn, Mylor &amp;amp; Penryn Rural: 16 crimes
  [557/4929] Dartmouth Town: 1 crimes
  [558/4929] Dartmouth Townstal &amp;amp; Rural: 0 crimes
  [559/4929] Totnes East: 3 crimes
  [560/4929] Totnes Town: 53 crimes
  [561/4929] Totnes West: 0 crimes
  [562/4929] Ivybridge Rural North: 2 crimes
  [563/4929] Ivybridge Rural South: 4 crimes
  [564/4929] Ivybridge Town: 50 crimes
  [565/4929] Kingsbridge: 53 crimes
  [566/4929] Kingsbridge Rural West: 2 crimes
  [567/4929] Kingsbridge Rural East: 0 crimes
  [568/4929] Salcombe: 5 crimes
  [569/4929] Bere Peninsula: 0 crimes
  [570/4929] Okehampton Rural East: 0 crimes
  [571/4929] Okehampton Rural West: 0 crimes
  [572/4929] Okehampton Town: 41 crimes
  [573/4929] Tavistock Rural East: 1 crimes
  [574/4929] Tavistock Rural West: 0 crimes
  [575/4929] Tavistock Town: 0 crimes
  [576/4929] Berry Head-with-Furzeham: 65 crimes
  [577/4929] Blatchcombe: 50 crimes
  [578/4929] Churston-with-Galmpton: 8 crimes
  [579/4929] Clifton-with-Maidenway: 245 crimes
  [580/4929] Goodrington-with-Roselands: 137 crimes
  [581/4929] Preston: 193 crimes
  [582/4929] Roundham-with-Hyde: 201 crimes
  [583/4929] St Marys-with-Summercombe: 73 crimes
  [584/4929] Cockington-with-Chelston: 67 crimes
  [585/4929] Ellacombe: 444 crimes
  [586/4929] Hele: 297 crimes
  [587/4929] Shiphay-with-the-Willows: 120 crimes
  [588/4929] St Marychurch: 66 crimes
  [589/4929] Torquay Town Centre: 416 crimes
  [590/4929] Torre &amp;amp; Upton: 486 crimes
  [591/4929] Watcombe: 102 crimes
  [592/4929] Wellswood: 111 crimes
  [593/4929] Ashburton: 0 crimes
  [594/4929] Bovey Tracey &amp;amp; Moretonhampstead: 0 crimes
  [595/4929] Buckfastleigh: 0 crimes
  [596/4929] Chudleigh-Teign Valley: 0 crimes
  [597/4929] Exminster &amp;amp; Rural: 1 crimes
  [598/4929] Kingskerswell &amp;amp; Rural: 3 crimes
  [599/4929] Kingsteignton: 16 crimes
  [600/4929] Newton Abbot East: 54 crimes
  [601/4929] Newton Abbot Town: 64 crimes
  [602/4929] Dawlish: 44 crimes
  [603/4929] Dawlish Rural: 0 crimes
  [604/4929] Teignmouth: 77 crimes
  [605/4929] Teignmouth Rural: 4 crimes
  [606/4929] Alphington: 140 crimes
  [607/4929] Countess Wear &amp;amp; Topsham: 61 crimes
  [608/4929] Cowick &amp;amp; St Thomas: 228 crimes
  [609/4929] Duryard &amp;amp; Pennsylvannia: 36 crimes
  [610/4929] Exwick: 109 crimes
  [611/4929] Exeter City Centre: 601 crimes
  [612/4929] Heavitree &amp;amp; Polsloe: 361 crimes
  [613/4929] Mincinglake: 88 crimes
  [614/4929] Newtown &amp;amp; St Leonards: 635 crimes
  [615/4929] Pinhoe: 114 crimes
  [616/4929] Wonford: 203 crimes
  [617/4929] St Davids: 598 crimes
  [618/4929] St James: 515 crimes
  [619/4929] St Loyes: 157 crimes
  [620/4929] Whipton Barton: 189 crimes
  [621/4929] Budleigh &amp;amp; Bicton, &amp;amp; Raleigh: 0 crimes
  [622/4929] Clyst Valley, Woodbury &amp;amp; Lympstone: 5 crimes
  [623/4929] Exmouth Halsdon &amp;amp; Withycombe: 93 crimes
  [624/4929] Exmouth Littleham: 49 crimes
  [625/4929] Exmouth Town: 105 crimes
  [626/4929] Exmouth Brixington: 33 crimes
  [627/4929] Canonsleigh, Halberton &amp;amp; Willand: 0 crimes
  [628/4929] Crediton Rural North: 0 crimes
  [629/4929] Crediton Rural South: 4 crimes
  [630/4929] Crediton Town: 76 crimes
  [631/4929] Cullompton North &amp;amp; South: 46 crimes
  [632/4929] Cullompton Outer &amp;amp; Bradninch: 16 crimes
  [633/4929] Lower Culm &amp;amp; Upper Culm: 0 crimes
  [634/4929] Tiverton Rural: 6 crimes
  [635/4929] Tiverton Canal: 49 crimes
  [636/4929] Tiverton Lowman: 105 crimes
  [637/4929] Tiverton Westexe: 85 crimes
  [638/4929] Tiverton Town Centre: 119 crimes
  [639/4929] Axminster Rural: 33 crimes
  [640/4929] Axminster Town: 48 crimes
  [641/4929] Honiton Rural: 0 crimes
  [642/4929] Honiton Town: 30 crimes
  [643/4929] Ottery Rural: 17 crimes
  [644/4929] Ottery St Mary Town: 18 crimes
  [645/4929] Seaton: 20 crimes
  [646/4929] Seaton Rural: 6 crimes
  [647/4929] Sidmouth: 0 crimes
  [648/4929] Barnstaple Central Town: 171 crimes
  [649/4929] Barnstaple Forches: 158 crimes
  [650/4929] Barnstaple Newport: 127 crimes
  [651/4929] Bishops Tawton, Landkey, Swimbridge &amp;amp; Whiddon Valley: 2 crimes
  [652/4929] Gorwell &amp;amp; Fort Hill, Frankmarsh &amp;amp; St Georges: 162 crimes
  [653/4929] Instow, Fremington &amp;amp; Bickington: 0 crimes
  [654/4929] Pilton, Bratton Fleming &amp;amp; Goodleigh: 0 crimes
  [655/4929] Roundswell, Tawstock &amp;amp; Longbridge: 1 crimes
  [656/4929] Braunton Rural: 23 crimes
  [657/4929] Braunton Urban: 21 crimes
  [658/4929] Combe Martin: 0 crimes
  [659/4929] Ilfracombe East &amp;amp; Central: 70 crimes
  [660/4929] Ilfracombe West: 1 crimes
  [661/4929] Lynton &amp; Lynmouth: 0 crimes
  [662/4929] Mortehoe &amp;amp; Woolacombe: 0 crimes
  [663/4929] South Molton: 27 crimes
  [664/4929] South Molton Rural: 11 crimes
  [665/4929] Bideford East-the-Water: 15 crimes
  [666/4929] Bideford West: 72 crimes
  [667/4929] Holsworthy Rural: 0 crimes
  [668/4929] Torrington Rural: 0 crimes
