Checking AB...
  Found 34 outcodes
Checking AL...
  Found 10 outcodes
Checking B...
  Found 78 outcodes
Checking BA...
  Found 19 outcodes
Checking BB...
  Found 13 outcodes
Checking BD...
  Found 27 outcodes
Checking BH...
  Found 26 outcodes
Checking BL...
  Found 11 outcodes
Checking BN...
  Found 37 outcodes
Checking BR...
  Found 8 outcodes
Checking BS...
  Found 39 outcodes
Checking BT...
  Found 80 outcodes
Checking CA...
  Found 29 outcodes
Checking CB...
  Found 16 outcodes
Checking CF...
  Found 39 outcodes
Checking CH...
  Found 38 outcodes
Checking CM...
  Found 27 outcodes
Checking CO...
  Found 16 outcodes
Checking CR...
  Found 9 outcodes
Checking CT...
  Found 22 outcodes
Checking CV...
  Found 24 outcodes
Checking CW...
  Found 13 outcodes
Checking DA...
  Found 18 outcodes
Checking DD...
  Found 11 outcodes
Checking DE...
  Found 24 outcodes
Checking DG...
  Found 15 outcodes
Checking DH...
  Found 12 outcodes
Checking DL...
  Found 18 outcodes
Checking DN...
  Found 32 outcodes
Checking DT...
  Found 11 outcodes
Checking DY...
  Found 14 outcodes
Checking E...
  Found 22 outcodes
Checking EC...
  Found 27 outcodes
Checking EH...
  Found 57 outcodes
Checking EN...
  Found 12 outcodes
Checking EX...
  Found 33 outcodes
Checking FK...
  Found 21 outcodes
Checking FY...
  Found 8 outcodes
Checking G...
  Found 54 outcodes
Checking GL...
  Found 27 outcodes
Checking GU...
  Found 38 outcodes
Checking HA...
  Found 9 outcodes
Checking HD...
  Found 9 outcodes
Checking HG...
  Found 5 outcodes
Checking HP...
  Found 24 outcodes
Checking HR...
  Found 9 outcodes
Checking HS...
  Found 9 outcodes
Checking HU...
  Found 20 outcodes
Checking HX...
  Error checking HX87: The read operation timed out
  Error checking HX92: The read operation timed out
  Found 7 outcodes
Checking IG...
  Found 11 outcodes
Checking IP...
  Found 34 outcodes
Checking IV...
  Found 50 outcodes
Checking KA...
  Found 30 outcodes
Checking KT...
  Found 24 outcodes
Checking KW...
  Found 16 outcodes
Checking KY...
  Found 17 outcodes
Checking L...
  Found 49 outcodes
Checking LA...
  Found 23 outcodes
Checking LD...
  Found 8 outcodes
Checking LE...
  Found 26 outcodes
Checking LL...
  Found 67 outcodes
Checking LN...
  Found 13 outcodes
Checking LS...
  Found 33 outcodes
Checking LU...
  Found 7 outcodes
Checking M...
  Found 46 outcodes
Checking ME...
  Found 20 outcodes
Checking MK...
  Found 27 outcodes
Checking ML...
  Found 12 outcodes
Checking N...
  Found 25 outcodes
Checking NE...
  Found 64 outcodes
Checking NG...
  Found 31 outcodes
Checking NN...
  Found 19 outcodes
Checking NP...
  Found 19 outcodes
Checking NR...
  Found 36 outcodes
Checking NW...
  Found 13 outcodes
Checking OL...
  Found 16 outcodes
Checking OX...
  Found 26 outcodes
Checking PA...
  Found 67 outcodes
Checking PE...
  Found 36 outcodes
Checking PH...
  Found 43 outcodes
Checking PL...
  Found 36 outcodes
Checking PO...
  Found 35 outcodes
Checking PR...
  Found 12 outcodes
Checking RG...
  Found 30 outcodes
Checking RH...
  Found 21 outcodes
Checking RM...
  Found 20 outcodes
Checking S...
  Found 52 outcodes
Checking SA...
  Found 53 outcodes
Checking SE...
  Found 29 outcodes
Checking SG...
  Found 19 outcodes
Checking SK...
  Found 19 outcodes
Checking SL...
  Found 11 outcodes
Checking SM...
  Found 7 outcodes
Checking SN...
  Found 21 outcodes
Checking SO...
  Found 25 outcodes
Checking SP...
  Found 11 outcodes
Checking SR...
  Found 9 outcodes
Checking SS...
  Found 18 outcodes
Checking ST...
  Found 22 outcodes
Checking SW...
  Found 27 outcodes
Checking SY...
  Found 26 outcodes
Checking TA...
  Found 24 outcodes
Checking TD...
  Found 15 outcodes
Checking TF...
  Found 13 outcodes
Checking TN...
  Found 40 outcodes
Checking TQ...
  Found 14 outcodes
Checking TR...
  Found 27 outcodes
Checking TS...
  Found 29 outcodes
Checking TW...
  Found 21 outcodes
Checking UB...
  Found 12 outcodes
Checking W...
  Found 20 outcodes
Checking WA...
  Found 18 outcodes
Checking WC...
  Found 13 outcodes
Checking WD...
  Found 12 outcodes
Checking WF...
  Found 18 outcodes
Checking WN...
  Found 8 outcodes
Checking WR...
  Found 16 outcodes
Checking WS...
  Found 15 outcodes
Checking WV...
  Found 18 outcodes
Checking YO...
  Found 30 outcodes
Checking ZE...
  Found 3 outcodes

✅ Total: 2938 outcodes
💾 Saved to data/all_outcodes.json
